<?xml version="1.0" encoding="utf-8"?><testsuites name="pytest tests"><testsuite name="pytest" errors="0" failures="0" skipped="3" tests="29" time="15.982" timestamp="2026-03-10T15:48:55.524170+00:00" hostname="agent-env-9a25f435-1f2e-476b-8324-14fa65f706a5"><testcase classname="backend.tests.test_admin_features.TestAdminRoleGuard" name="test_admin_dashboard_requires_admin_role" time="0.501" /><testcase classname="backend.tests.test_admin_features.TestAdminRoleGuard" name="test_admin_users_requires_admin_role" time="0.479" /><testcase classname="backend.tests.test_admin_features.TestAdminRoleGuard" name="test_admin_payouts_requires_admin_role" time="0.113"><skipped type="pytest.skip" message="Registration failed: {'detail': 'Email already registered'}">/app/backend/tests/test_admin_features.py:54: Registration failed: {'detail': 'Email already registered'}</skipped></testcase><testcase classname="backend.tests.test_admin_features.TestAdminRoleGuard" name="test_admin_kyc_requires_admin_role" time="0.152"><skipped type="pytest.skip" message="Registration failed: {'detail': 'Email already registered'}">/app/backend/tests/test_admin_features.py:63: Registration failed: {'detail': 'Email already registered'}</skipped></testcase><testcase classname="backend.tests.test_admin_features.TestAdminRoleGuard" name="test_admin_endpoint_requires_auth" time="0.118"><skipped type="pytest.skip" message="Registration failed: {'detail': 'Email already registered'}">/app/backend/tests/test_admin_features.py:72: Registration failed: {'detail': 'Email already registered'}</skipped></testcase><testcase classname="backend.tests.test_admin_features.TestAdminLogin" name="test_admin_login" time="0.339" /><testcase classname="backend.tests.test_admin_features.TestAdminDashboard" name="test_admin_dashboard_overview" time="0.491" /><testcase classname="backend.tests.test_admin_features.TestAdminDashboard" name="test_admin_dashboard_admin_metrics" time="0.472" /><testcase classname="backend.tests.test_admin_features.TestAdminDashboard" name="test_admin_dashboard_recent_bookings" time="0.534" /><testcase classname="backend.tests.test_admin_features.TestAdminUsers" name="test_list_users" time="0.463" /><testcase classname="backend.tests.test_admin_features.TestAdminUsers" name="test_list_users_with_search" time="0.441" /><testcase classname="backend.tests.test_admin_features.TestAdminUsers" name="test_list_users_with_role_filter" time="0.460" /><testcase classname="backend.tests.test_admin_features.TestAdminUsers" name="test_update_user_role" time="0.807" /><testcase classname="backend.tests.test_admin_features.TestAdminUsers" name="test_update_user_kyc_status" time="0.862" /><testcase classname="backend.tests.test_admin_features.TestAdminUsers" name="test_suspend_unsuspend_user" time="0.975" /><testcase classname="backend.tests.test_admin_features.TestAdminUsers" name="test_update_nonexistent_user" time="0.453" /><testcase classname="backend.tests.test_admin_features.TestAdminPayouts" name="test_list_payouts" time="0.550" /><testcase classname="backend.tests.test_admin_features.TestAdminPayouts" name="test_list_payouts_with_status_filter" time="0.515" /><testcase classname="backend.tests.test_admin_features.TestAdminPayouts" name="test_settle_shop_nonexistent" time="0.508" /><testcase classname="backend.tests.test_admin_features.TestAdminKYC" name="test_list_kyc" time="0.458" /><testcase classname="backend.tests.test_admin_features.TestAdminKYC" name="test_list_kyc_with_status_filter" time="0.582" /><testcase classname="backend.tests.test_admin_features.TestAdminKYC" name="test_review_kyc_approve" time="0.990" /><testcase classname="backend.tests.test_admin_features.TestAdminKYC" name="test_review_kyc_reject_with_notes" time="0.791" /><testcase classname="backend.tests.test_admin_features.TestAdminKYC" name="test_review_kyc_invalid_status" time="0.856" /><testcase classname="backend.tests.test_admin_features.TestAdminKYC" name="test_review_kyc_nonexistent_user" time="0.478" /><testcase classname="backend.tests.test_admin_features.TestReviewSystem" name="test_submit_review_without_booking" time="0.693" /><testcase classname="backend.tests.test_admin_features.TestReviewSystem" name="test_get_bike_reviews" time="0.577" /><testcase classname="backend.tests.test_admin_features.TestBikeDetailBookingFlow" name="test_bike_detail_has_pricing" time="0.570" /><testcase classname="backend.tests.test_admin_features.TestBikeDetailBookingFlow" name="test_booking_creates_with_correct_amount" time="0.687" /></testsuite></testsuites>