<?xml version="1.0" encoding="utf-8"?><testsuites name="pytest tests"><testsuite name="pytest" errors="0" failures="0" skipped="0" tests="23" time="11.794" timestamp="2026-03-10T16:41:31.926558+00:00" hostname="agent-env-9a25f435-1f2e-476b-8324-14fa65f706a5"><testcase classname="backend.tests.test_application_onboarding.TestAdminLogin" name="test_admin_login_success" time="0.507" /><testcase classname="backend.tests.test_application_onboarding.TestAdminLogin" name="test_admin_login_wrong_password" time="0.345" /><testcase classname="backend.tests.test_application_onboarding.TestApplicationSubmission" name="test_submit_shop_owner_application" time="0.324" /><testcase classname="backend.tests.test_application_onboarding.TestApplicationSubmission" name="test_submit_travel_agent_application" time="0.117" /><testcase classname="backend.tests.test_application_onboarding.TestApplicationSubmission" name="test_duplicate_email_rejected" time="0.220" /><testcase classname="backend.tests.test_application_onboarding.TestApplicationSubmission" name="test_missing_required_fields" time="0.142" /><testcase classname="backend.tests.test_application_onboarding.TestApplicationSubmission" name="test_invalid_application_type" time="0.117" /><testcase classname="backend.tests.test_application_onboarding.TestApplicationsAdminEndpoints" name="test_list_applications_requires_admin" time="0.445" /><testcase classname="backend.tests.test_application_onboarding.TestApplicationsAdminEndpoints" name="test_list_applications_as_admin" time="0.473" /><testcase classname="backend.tests.test_application_onboarding.TestApplicationsAdminEndpoints" name="test_list_applications_with_status_filter" time="0.127" /><testcase classname="backend.tests.test_application_onboarding.TestApplicationsAdminEndpoints" name="test_list_applications_with_type_filter" time="0.105" /><testcase classname="backend.tests.test_application_onboarding.TestApplicationApproval" name="test_approve_application_requires_admin" time="0.304" /><testcase classname="backend.tests.test_application_onboarding.TestApplicationApproval" name="test_approve_application_success" time="0.693" /><testcase classname="backend.tests.test_application_onboarding.TestApplicationApproval" name="test_approve_already_processed_fails" time="0.776" /><testcase classname="backend.tests.test_application_onboarding.TestApplicationRejection" name="test_reject_application_with_reason" time="0.227" /><testcase classname="backend.tests.test_application_onboarding.TestApplicationRejection" name="test_reject_application_requires_admin" time="0.116" /><testcase classname="backend.tests.test_application_onboarding.TestApprovedUserLogin" name="test_approved_user_login_has_must_change_password" time="0.975" /><testcase classname="backend.tests.test_application_onboarding.TestPasswordChange" name="test_change_password_success" time="1.701" /><testcase classname="backend.tests.test_application_onboarding.TestPasswordChange" name="test_change_password_too_short" time="1.179" /><testcase classname="backend.tests.test_application_onboarding.TestSmartLoginRedirects" name="test_shop_owner_role_returned" time="1.122" /><testcase classname="backend.tests.test_application_onboarding.TestSmartLoginRedirects" name="test_travel_agent_role_returned" time="1.018" /><testcase classname="backend.tests.test_application_onboarding.TestSmartLoginRedirects" name="test_admin_role_confirmed" time="0.340" /><testcase classname="backend.tests.test_application_onboarding.TestExistingUser" name="test_existing_shop_owner_login" time="0.334" /></testsuite></testsuites>