<?xml version="1.0" encoding="utf-8"?><testsuites name="pytest tests"><testsuite name="pytest" errors="0" failures="0" skipped="0" tests="36" time="15.575" timestamp="2026-03-10T12:18:12.598091+00:00" hostname="agent-env-9a25f435-1f2e-476b-8324-14fa65f706a5"><testcase classname="tests.test_api_comprehensive.TestHealthCheck" name="test_health_endpoint" time="0.156" /><testcase classname="tests.test_api_comprehensive.TestAuthentication" name="test_register_customer" time="0.328" /><testcase classname="tests.test_api_comprehensive.TestAuthentication" name="test_register_shop_owner" time="0.327" /><testcase classname="tests.test_api_comprehensive.TestAuthentication" name="test_register_travel_agent" time="0.345" /><testcase classname="tests.test_api_comprehensive.TestAuthentication" name="test_register_duplicate_email" time="0.431" /><testcase classname="tests.test_api_comprehensive.TestAuthentication" name="test_login_success" time="0.669" /><testcase classname="tests.test_api_comprehensive.TestAuthentication" name="test_login_invalid_credentials" time="0.114" /><testcase classname="tests.test_api_comprehensive.TestAuthentication" name="test_auth_me_with_token" time="0.444" /><testcase classname="tests.test_api_comprehensive.TestAuthentication" name="test_auth_me_without_token" time="0.110" /><testcase classname="tests.test_api_comprehensive.TestBikes" name="test_list_bikes" time="0.115" /><testcase classname="tests.test_api_comprehensive.TestBikes" name="test_list_bikes_with_filters" time="0.208" /><testcase classname="tests.test_api_comprehensive.TestBikes" name="test_get_single_bike" time="0.224" /><testcase classname="tests.test_api_comprehensive.TestBikes" name="test_get_nonexistent_bike" time="0.107" /><testcase classname="tests.test_api_comprehensive.TestShops" name="test_list_shops" time="0.106" /><testcase classname="tests.test_api_comprehensive.TestShops" name="test_create_shop" time="0.435" /><testcase classname="tests.test_api_comprehensive.TestShops" name="test_cannot_create_duplicate_shop" time="0.630" /><testcase classname="tests.test_api_comprehensive.TestBookings" name="test_create_booking" time="0.644" /><testcase classname="tests.test_api_comprehensive.TestBookings" name="test_double_booking_prevention" time="1.024" /><testcase classname="tests.test_api_comprehensive.TestBookings" name="test_list_bookings" time="0.562" /><testcase classname="tests.test_api_comprehensive.TestBookings" name="test_update_booking_status" time="0.676" /><testcase classname="tests.test_api_comprehensive.TestBookings" name="test_return_bike" time="0.777" /><testcase classname="tests.test_api_comprehensive.TestAvailability" name="test_get_availability_calendar" time="0.227" /><testcase classname="tests.test_api_comprehensive.TestAvailability" name="test_check_availability" time="0.211" /><testcase classname="tests.test_api_comprehensive.TestTravelAgent" name="test_agent_dashboard" time="0.483" /><testcase classname="tests.test_api_comprehensive.TestTravelAgent" name="test_generate_referral_link" time="0.464" /><testcase classname="tests.test_api_comprehensive.TestTravelAgent" name="test_generate_bike_specific_link" time="0.581" /><testcase classname="tests.test_api_comprehensive.TestTravelAgent" name="test_commission_ledger" time="0.455" /><testcase classname="tests.test_api_comprehensive.TestPayouts" name="test_payout_summary" time="0.566" /><testcase classname="tests.test_api_comprehensive.TestPayouts" name="test_payout_ledger" time="0.553" /><testcase classname="tests.test_api_comprehensive.TestPayouts" name="test_settlements_list" time="0.533" /><testcase classname="tests.test_api_comprehensive.TestAnalytics" name="test_shop_analytics" time="0.572" /><testcase classname="tests.test_api_comprehensive.TestAnalytics" name="test_platform_analytics" time="0.570" /><testcase classname="tests.test_api_comprehensive.TestAnalytics" name="test_bike_analytics" time="0.635" /><testcase classname="tests.test_api_comprehensive.TestNotifications" name="test_list_notifications" time="0.442" /><testcase classname="tests.test_api_comprehensive.TestNotifications" name="test_list_unread_only" time="0.451" /><testcase classname="tests.test_api_comprehensive.TestReviews" name="test_get_bike_reviews" time="0.294" /></testsuite></testsuites>